<?xml version="1.0" encoding="UTF-8"?>
<testng-results skipped="0" failed="0" ignored="0" total="2" passed="2">
  <reporter-output>
  </reporter-output>
  <suite name="Default suite" duration-ms="7969" started-at="2021-10-04T20:48:05 CDT" finished-at="2021-10-04T20:48:13 CDT">
    <groups>
    </groups>
    <test name="Default test" duration-ms="7969" started-at="2021-10-04T20:48:05 CDT" finished-at="2021-10-04T20:48:13 CDT">
      <class name="TestNGConcept.LoginTest">
        <test-method status="PASS" signature="readConfig()[pri:0, instance:TestNGConcept.LoginTest@6b57696f]" name="readConfig" is-config="true" duration-ms="5" started-at="2021-10-04T20:48:05 CDT" finished-at="2021-10-04T20:48:05 CDT">
          <reporter-output>
          </reporter-output>
        </test-method> <!-- readConfig -->
        <test-method status="PASS" signature="init()[pri:0, instance:TestNGConcept.LoginTest@6b57696f]" name="init" is-config="true" duration-ms="2423" started-at="2021-10-04T20:48:05 CDT" finished-at="2021-10-04T20:48:07 CDT">
          <reporter-output>
          </reporter-output>
        </test-method> <!-- init -->
        <test-method status="PASS" signature="loginTest()[pri:1, instance:TestNGConcept.LoginTest@6b57696f]" name="loginTest" duration-ms="1175" started-at="2021-10-04T20:48:07 CDT" finished-at="2021-10-04T20:48:08 CDT">
          <reporter-output>
          </reporter-output>
        </test-method> <!-- loginTest -->
        <test-method status="PASS" signature="init()[pri:0, instance:TestNGConcept.LoginTest@6b57696f]" name="init" is-config="true" duration-ms="1917" started-at="2021-10-04T20:48:08 CDT" finished-at="2021-10-04T20:48:10 CDT">
          <reporter-output>
          </reporter-output>
        </test-method> <!-- init -->
        <test-method status="PASS" signature="addCustomerTest()[pri:2, instance:TestNGConcept.LoginTest@6b57696f]" name="addCustomerTest" duration-ms="2432" started-at="2021-10-04T20:48:10 CDT" finished-at="2021-10-04T20:48:13 CDT">
          <reporter-output>
          </reporter-output>
        </test-method> <!-- addCustomerTest -->
      </class> <!-- TestNGConcept.LoginTest -->
    </test> <!-- Default test -->
  </suite> <!-- Default suite -->
</testng-results>
